<?xml version="1.0" encoding="UTF-8"?>
<datasources>
	<!-- The datasource is bound into JNDI at this location. We reference this 
		in META-INF/test-persistence.xml -->
	<datasource jndi-name="java:jboss/datasources/TestDS"
		pool-name="test" enabled="true" use-java-context="true">
		<connection-url>jdbc:h2:mem:ngJEE-test;DB_CLOSE_DELAY=-1</connection-url>
		<driver>h2</driver>
		<security>
			<user-name>sa</user-name>
			<password>sa</password>
		</security>
	</datasource>
</datasources>
 
